--- Startup times for process: Primary (or UI client) ---

times in msec
 clock   self+sourced   self:  sourced script
 clock   elapsed:              other lines

000.001  000.001: --- NVIM STARTING ---
000.336  000.335: event init
000.524  000.188: early init
000.663  000.138: locale set
000.737  000.074: init first window
001.572  000.835: inits 1
001.599  000.027: window checked
001.605  000.006: parsing arguments
002.772  000.102  000.102: require('vim._core.shared')
002.963  000.009  000.009: require('string.buffer')
003.035  000.125  000.116: require('vim.inspect')
003.159  000.099  000.099: require('vim._core.options')
003.176  000.396  000.173: require('vim._core.editor')
003.262  000.083  000.083: require('vim._core.system')
003.266  000.666  000.085: require('vim._init_packages')
003.270  000.999: init lua interpreter
007.041  003.771: nvim_ui_attach
008.172  001.131: nvim_set_client_info
008.181  000.009: --- NVIM STARTED ---

--- Startup times for process: Embedded ---

times in msec
 clock   self+sourced   self:  sourced script
 clock   elapsed:              other lines

000.002  000.002: --- NVIM STARTING ---
000.471  000.469: event init
000.732  000.262: early init
000.880  000.148: locale set
000.979  000.098: init first window
002.020  001.041: inits 1
002.054  000.034: window checked
002.063  000.008: parsing arguments
003.675  000.349  000.349: require('vim._core.shared')
003.896  000.009  000.009: require('string.buffer')
003.964  000.118  000.109: require('vim.inspect')
004.068  000.086  000.086: require('vim._core.options')
004.081  000.386  000.182: require('vim._core.editor')
004.167  000.083  000.083: require('vim._core.system')
004.170  000.927  000.109: require('vim._init_packages')
004.175  001.186: init lua interpreter
004.412  000.236: expanding arguments
004.462  000.051: inits 2
005.056  000.594: init highlight
005.058  000.002: waiting for UI
005.378  000.320: done waiting for UI
005.391  000.013: clear screen
005.712  000.025  000.025: require('vim.keymap')
007.604  000.388  000.388: sourcing nvim_exec2()
007.978  002.582  002.169: require('vim._core.defaults')
007.983  000.010: init default mappings & autocommands
009.347  000.130  000.130: sourcing /home/aymen/.local/share/nvim-install/nvim-linux-x86_64/share/nvim/runtime/ftplugin.vim
009.491  000.053  000.053: sourcing /home/aymen/.local/share/nvim-install/nvim-linux-x86_64/share/nvim/runtime/indent.vim
013.458  000.279  000.279: require('vim._async')
014.144  000.673  000.673: require('vim.version')
015.306  005.348  004.396: require('vim.pack')
015.533  000.071  000.071: require('vim.fs')
015.681  000.012  000.012: require('vim.F')
021.403  011.768  006.337: sourcing /home/aymen/.config/nvim/init.lua
021.417  001.484: sourcing vimrc file(s)
022.483  000.035  000.035: sourcing /home/aymen/.local/share/nvim/site/pack/core/opt/vimtex/ftdetect/cls.vim
022.529  000.021  000.021: sourcing /home/aymen/.local/share/nvim/site/pack/core/opt/vimtex/ftdetect/tex.vim
022.567  000.017  000.017: sourcing /home/aymen/.local/share/nvim/site/pack/core/opt/vimtex/ftdetect/tikz.vim
022.683  000.370  000.297: sourcing nvim_exec2() called at /home/aymen/.local/share/nvim-install/nvim-linux-x86_64/share/nvim/runtime/filetype.lua:0
022.687  000.510  000.140: sourcing /home/aymen/.local/share/nvim-install/nvim-linux-x86_64/share/nvim/runtime/filetype.lua
022.972  000.099  000.099: sourcing /home/aymen/.local/share/nvim-install/nvim-linux-x86_64/share/nvim/runtime/syntax/synload.vim
023.142  000.386  000.286: sourcing /home/aymen/.local/share/nvim-install/nvim-linux-x86_64/share/nvim/runtime/syntax/syntax.vim
023.872  000.103  000.103: sourcing /home/aymen/.config/nvim/plugin/autocmds.lua
023.964  000.066  000.066: sourcing /home/aymen/.config/nvim/plugin/bufclose.lua
024.179  000.187  000.187: sourcing /home/aymen/.config/nvim/plugin/completion.lua
027.311  003.030  003.030: require('vim.diagnostic')
027.335  003.127  000.096: sourcing /home/aymen/.config/nvim/plugin/diagnostics.lua
028.407  001.035  001.035: sourcing /home/aymen/.config/nvim/plugin/keymaps.lua
031.644  001.527  001.527: require('vim.lsp.protocol')
031.691  001.831  000.304: require('vim.lsp.log')
033.988  002.289  002.289: require('vim.lsp.util')
034.690  000.315  000.315: require('vim.lsp.sync')
034.698  000.705  000.389: require('vim.lsp._changetracking')
035.487  000.247  000.247: require('vim.lsp._transport')
035.501  000.012  000.012: require('vim._core.stringbuffer')
035.560  000.858  000.599: require('vim.lsp.rpc')
035.620  006.933  001.250: require('vim.lsp')
035.651  007.199  000.267: sourcing /home/aymen/.config/nvim/plugin/lsp.lua
035.805  000.117  000.117: sourcing /home/aymen/.config/nvim/plugin/luasnip.lua
037.135  001.085  001.085: require('mini.notify')
040.559  002.986  002.986: require('mini.files')
040.650  000.023  000.023: sourcing nvim_exec2() called at /home/aymen/git-repos/dotfiles/nvim/plugin/mini.lua:0
040.664  000.008  000.008: sourcing nvim_exec2() called at /home/aymen/git-repos/dotfiles/nvim/plugin/mini.lua:0
043.882  003.180  003.180: require('mini.pick')
044.476  000.272  000.272: require('vim.ui')
046.935  002.328  002.328: require('mini.extra')
049.838  002.871  002.871: require('mini.icons')
049.961  014.128  001.374: sourcing /home/aymen/.config/nvim/plugin/mini.lua
051.600  000.085  000.085: require('utils')
052.320  001.540  001.455: sourcing /home/aymen/.config/nvim/colors/nord.lua
052.388  001.669  000.129: sourcing nvim_exec2() called at /home/aymen/git-repos/dotfiles/nvim/plugin/options.lua:0
052.392  002.386  000.717: sourcing /home/aymen/.config/nvim/plugin/options.lua
052.667  000.246  000.246: sourcing /home/aymen/.config/nvim/plugin/quickfix.lua
052.792  000.103  000.103: sourcing /home/aymen/.config/nvim/plugin/repl.lua
053.017  000.205  000.205: sourcing /home/aymen/.config/nvim/plugin/scrollbar.lua
054.050  000.971  000.971: require('statuscol')
054.372  000.318  000.318: require('statuscol.builtin')
054.450  000.021  000.021: require('ffi')
054.468  000.084  000.063: require('statuscol.ffidef')
054.679  001.644  000.271: sourcing /home/aymen/.config/nvim/plugin/statuscolumn.lua
054.897  000.084  000.084: require('terminal')
055.014  000.305  000.221: sourcing /home/aymen/.config/nvim/plugin/terminal.lua
055.193  000.070  000.070: require('nvim-treesitter-textobjects')
055.274  000.077  000.077: require('nvim-treesitter-textobjects.config')
055.496  000.456  000.309: sourcing /home/aymen/.config/nvim/plugin/treesitter.lua
055.602  000.080  000.080: sourcing /home/aymen/.config/nvim/plugin/virt_text.lua
056.312  000.353  000.353: require('livepreview.utils')
057.964  002.140  001.786: require('livepreview.health')
058.179  000.074  000.074: require('livepreview.config')
058.186  002.474  000.260: sourcing /home/aymen/.local/share/nvim/site/pack/core/opt/live-preview.nvim/plugin/livepreview.lua
058.334  000.056  000.056: sourcing /home/aymen/.local/share/nvim/site/pack/core/opt/vimtex/plugin/vimtex.vim
058.680  000.248  000.248: require('gitsigns')
059.184  000.452  000.452: require('gitsigns.highlight')
059.499  000.299  000.299: require('gitsigns.debug.log')
059.841  000.340  000.340: require('gitsigns.config')
060.401  000.110  000.110: require('gitsigns.debounce')
060.415  001.995  000.546: sourcing /home/aymen/.local/share/nvim/site/pack/core/opt/gitsigns.nvim/plugin/gitsigns.lua
061.111  000.591  000.591: require('blink.cmp')
061.576  000.201  000.201: require('blink.cmp.lib.async')
061.799  000.071  000.071: require('blink.cmp.config.utils')
061.887  000.086  000.086: require('blink.cmp.config.keymap')
061.997  000.045  000.045: require('blink.cmp.config.completion.keyword')
062.050  000.052  000.052: require('blink.cmp.config.completion.trigger')
062.105  000.053  000.053: require('blink.cmp.config.completion.list')
062.174  000.067  000.067: require('blink.cmp.config.completion.accept')
062.371  000.196  000.196: require('blink.cmp.config.completion.menu')
062.465  000.093  000.093: require('blink.cmp.config.completion.documentation')
062.511  000.044  000.044: require('blink.cmp.config.completion.ghost_text')
062.513  000.624  000.072: require('blink.cmp.config.completion')
062.598  000.084  000.084: require('blink.cmp.config.fuzzy')
062.705  000.105  000.105: require('blink.cmp.config.sources')
062.776  000.070  000.070: require('blink.cmp.config.signature')
062.870  000.092  000.092: require('blink.cmp.config.snippets')
062.927  000.056  000.056: require('blink.cmp.config.appearance')
062.987  000.059  000.059: require('blink.cmp.config.modes.cmdline')
063.030  000.042  000.042: require('blink.cmp.config.modes.term')
063.033  001.455  000.166: require('blink.cmp.config')
063.094  000.058  000.058: require('blink.cmp.lib.event_emitter')
063.101  001.987  000.273: require('blink.cmp.sources.lib')
063.152  002.654  000.075: sourcing /home/aymen/.local/share/nvim/site/pack/core/opt/blink.cmp/plugin/blink-cmp.lua
063.546  000.060  000.060: require('treesitter-context.config')
063.559  000.301  000.241: require('treesitter-context')
063.611  000.382  000.081: sourcing /home/aymen/.local/share/nvim/site/pack/core/opt/nvim-treesitter-context/plugin/treesitter-context.lua
065.506  000.123  000.123: require('vim.treesitter.language')
065.559  000.050  000.050: require('vim.func')
065.694  000.133  000.133: require('vim.treesitter._range')
065.780  000.082  000.082: require('vim.func._memoize')
065.806  001.000  000.612: require('vim.treesitter.query')
065.872  001.754  000.755: require('vim.treesitter.languagetree')
065.877  002.052  000.297: require('vim.treesitter')
065.974  002.231  000.179: sourcing /home/aymen/.local/share/nvim/site/pack/core/opt/nvim-treesitter/plugin/filetypes.lua
066.066  000.071  000.071: sourcing /home/aymen/.local/share/nvim/site/pack/core/opt/nvim-treesitter/plugin/nvim-treesitter.lua
066.119  000.036  000.036: sourcing /home/aymen/.local/share/nvim/site/pack/core/opt/nvim-treesitter/plugin/query_predicates.lua
066.620  000.430  000.430: sourcing /usr/share/nvim/site/plugin/fzf.vim
066.899  000.010  000.010: sourcing /home/aymen/.local/share/nvim-install/nvim-linux-x86_64/share/nvim/runtime/plugin/gzip.vim
067.408  000.135  000.135: sourcing /home/aymen/.local/share/nvim-install/nvim-linux-x86_64/share/nvim/runtime/pack/dist/opt/matchit/plugin/matchit.vim
067.462  000.548  000.412: sourcing /home/aymen/.local/share/nvim-install/nvim-linux-x86_64/share/nvim/runtime/plugin/matchit.vim
067.580  000.101  000.101: sourcing /home/aymen/.local/share/nvim-install/nvim-linux-x86_64/share/nvim/runtime/plugin/matchparen.vim
067.601  000.006  000.006: sourcing /home/aymen/.local/share/nvim-install/nvim-linux-x86_64/share/nvim/runtime/plugin/netrwPlugin.vim
067.717  000.102  000.102: sourcing /home/aymen/.local/share/nvim-install/nvim-linux-x86_64/share/nvim/runtime/plugin/rplugin.vim
067.739  000.008  000.008: sourcing /home/aymen/.local/share/nvim-install/nvim-linux-x86_64/share/nvim/runtime/plugin/tarPlugin.vim
067.764  000.012  000.012: sourcing /home/aymen/.local/share/nvim-install/nvim-linux-x86_64/share/nvim/runtime/plugin/tutor.vim
067.786  000.008  000.008: sourcing /home/aymen/.local/share/nvim-install/nvim-linux-x86_64/share/nvim/runtime/plugin/zipPlugin.vim
067.833  000.034  000.034: sourcing /home/aymen/.local/share/nvim-install/nvim-linux-x86_64/share/nvim/runtime/plugin/editorconfig.lua
067.906  000.059  000.059: sourcing /home/aymen/.local/share/nvim-install/nvim-linux-x86_64/share/nvim/runtime/plugin/man.lua
067.979  000.058  000.058: sourcing /home/aymen/.local/share/nvim-install/nvim-linux-x86_64/share/nvim/runtime/plugin/nvim/net.lua
068.017  000.023  000.023: sourcing /home/aymen/.local/share/nvim-install/nvim-linux-x86_64/share/nvim/runtime/plugin/nvim/spellfile.lua
068.098  000.069  000.069: sourcing /home/aymen/.local/share/nvim-install/nvim-linux-x86_64/share/nvim/runtime/plugin/osc52.lua
068.207  000.095  000.095: sourcing /home/aymen/.local/share/nvim-install/nvim-linux-x86_64/share/nvim/runtime/plugin/shada.lua
068.246  000.024  000.024: sourcing /home/aymen/.local/share/nvim-install/nvim-linux-x86_64/share/nvim/runtime/plugin/tohtml.lua
068.259  003.071: loading rtp plugins
068.391  000.133: loading packages
068.724  000.333: loading after plugins
068.733  000.009: inits 3
071.335  002.602: reading ShaDa
071.416  000.080: opening buffers
071.429  000.014: BufEnter autocommands
071.431  000.002: editing files in windows
071.451  000.020: VimEnter autocommands
071.465  000.014: UIEnter autocommands
071.465  000.001: before starting main loop
071.829  000.137  000.137: require('statusline')
071.936  000.334: first screen update
071.937  000.001: --- NVIM STARTED ---

