

times in msec
 clock   self+sourced   self:  sourced script
 clock   elapsed:              other lines

000.008  000.008: --- VIM STARTING ---
000.123  000.115: Allocated generic buffers
000.484  000.361: locale set
000.507  000.023: GUI prepared
000.510  000.003: clipboard setup
000.524  000.014: window checked
001.086  000.562: inits 1
001.101  000.015: parsing arguments
004.233  003.132: expanding arguments
007.356  003.123: shell init
007.716  000.360: Termcap init
007.754  000.038: inits 2
009.689  001.935: init highlight
010.228  000.374  000.374: sourcing $VIM/vimrc
017.649  007.152  007.152: sourcing /usr/local/Cellar/macvim/8.1-161/MacVim.app/Contents/Resources/vim/runtime/filetype.vim
017.906  000.063  000.063: sourcing /usr/local/Cellar/macvim/8.1-161/MacVim.app/Contents/Resources/vim/runtime/ftplugin.vim
018.121  000.053  000.053: sourcing /usr/local/Cellar/macvim/8.1-161/MacVim.app/Contents/Resources/vim/runtime/indent.vim
018.893  000.318  000.318: sourcing /usr/local/Cellar/macvim/8.1-161/MacVim.app/Contents/Resources/vim/runtime/syntax/syncolor.vim
019.033  000.617  000.299: sourcing /usr/local/Cellar/macvim/8.1-161/MacVim.app/Contents/Resources/vim/runtime/syntax/synload.vim
019.069  000.816  000.199: sourcing /usr/local/Cellar/macvim/8.1-161/MacVim.app/Contents/Resources/vim/runtime/syntax/syntax.vim
019.708  000.266  000.266: sourcing /Users/aymen/.vim/config/autocmds.vim
019.960  000.173  000.173: sourcing /Users/aymen/.vim/config/mappings.vim
020.078  000.041  000.041: sourcing /Users/aymen/.vim/config/statusline.vim
020.163  009.836  001.272: sourcing $HOME/.vimrc
020.168  000.269: sourcing vimrc file(s)
022.162  000.451  000.451: sourcing /Users/aymen/.vim/plugin/custom-functions.vim
023.155  000.229  000.229: sourcing /usr/local/Cellar/macvim/8.1-161/MacVim.app/Contents/Resources/vim/runtime/syntax/syncolor.vim
054.274  000.286  000.286: sourcing /usr/local/Cellar/macvim/8.1-161/MacVim.app/Contents/Resources/vim/runtime/syntax/syncolor.vim
054.867  000.245  000.245: sourcing /usr/local/Cellar/macvim/8.1-161/MacVim.app/Contents/Resources/vim/runtime/syntax/syncolor.vim
054.917  032.416  031.656: sourcing /usr/local/Cellar/macvim/8.1-161/MacVim.app/Contents/Resources/vim/runtime/colors/default.vim
056.033  000.234  000.234: sourcing /usr/local/Cellar/macvim/8.1-161/MacVim.app/Contents/Resources/vim/runtime/syntax/syncolor.vim
056.557  000.226  000.226: sourcing /usr/local/Cellar/macvim/8.1-161/MacVim.app/Contents/Resources/vim/runtime/syntax/syncolor.vim
056.604  001.287  000.827: sourcing /usr/local/Cellar/macvim/8.1-161/MacVim.app/Contents/Resources/vim/runtime/colors/default.vim
057.260  000.229  000.229: sourcing /usr/local/Cellar/macvim/8.1-161/MacVim.app/Contents/Resources/vim/runtime/syntax/syncolor.vim
057.301  035.044  001.112: sourcing /Users/aymen/.vim/plugin/highlights.vim
057.640  000.255  000.255: sourcing /Users/aymen/.vim/plugin/vim-cool.vim
058.674  000.087  000.087: sourcing /usr/local/Cellar/macvim/8.1-161/MacVim.app/Contents/Resources/vim/runtime/plugin/getscriptPlugin.vim
058.996  000.236  000.236: sourcing /usr/local/Cellar/macvim/8.1-161/MacVim.app/Contents/Resources/vim/runtime/plugin/gzip.vim
059.375  000.291  000.291: sourcing /usr/local/Cellar/macvim/8.1-161/MacVim.app/Contents/Resources/vim/runtime/plugin/logiPat.vim
059.516  000.052  000.052: sourcing /usr/local/Cellar/macvim/8.1-161/MacVim.app/Contents/Resources/vim/runtime/plugin/manpager.vim
059.827  000.229  000.229: sourcing /usr/local/Cellar/macvim/8.1-161/MacVim.app/Contents/Resources/vim/runtime/plugin/matchparen.vim
060.493  000.576  000.576: sourcing /usr/local/Cellar/macvim/8.1-161/MacVim.app/Contents/Resources/vim/runtime/plugin/netrwPlugin.vim
060.674  000.069  000.069: sourcing /usr/local/Cellar/macvim/8.1-161/MacVim.app/Contents/Resources/vim/runtime/plugin/rrhelper.vim
060.825  000.053  000.053: sourcing /usr/local/Cellar/macvim/8.1-161/MacVim.app/Contents/Resources/vim/runtime/plugin/spellfile.vim
061.103  000.188  000.188: sourcing /usr/local/Cellar/macvim/8.1-161/MacVim.app/Contents/Resources/vim/runtime/plugin/tarPlugin.vim
061.399  000.134  000.134: sourcing /usr/local/Cellar/macvim/8.1-161/MacVim.app/Contents/Resources/vim/runtime/plugin/tohtml.vim
061.804  000.301  000.301: sourcing /usr/local/Cellar/macvim/8.1-161/MacVim.app/Contents/Resources/vim/runtime/plugin/vimballPlugin.vim
062.238  000.280  000.280: sourcing /usr/local/Cellar/macvim/8.1-161/MacVim.app/Contents/Resources/vim/runtime/plugin/zipPlugin.vim
062.251  003.837: loading plugins
064.156  000.145  000.145: sourcing /Users/aymen/.vim/pack/git-plugins/start/ale/autoload/ale/events.vim
064.353  001.366  001.221: sourcing /Users/aymen/Documents/work-env/vim/.vim/pack/git-plugins/start/ale/plugin/ale.vim
066.222  001.576  001.576: sourcing /Users/aymen/Documents/work-env/vim/.vim/pack/plugins/start/fugitive/plugin/fugitive.vim
066.438  000.028  000.028: sourcing /Users/aymen/Documents/work-env/vim/.vim/pack/plugins/start/fugitive/ftdetect/fugitive.vim
066.942  000.235  000.235: sourcing /Users/aymen/Documents/work-env/vim/.vim/pack/plugins/start/vim-commentary/plugin/commentary.vim
067.933  000.624  000.624: sourcing /Users/aymen/Documents/work-env/vim/.vim/pack/plugins/start/vim-surround/plugin/surround.vim
068.508  000.282  000.282: sourcing /Users/aymen/Documents/work-env/vim/.vim/pack/plugins/start/vim-tmux-navigator/plugin/tmux_navigator.vim
068.661  002.299: loading packages
068.719  000.058: loading after plugins
068.726  000.007: inits 3
073.871  005.145: reading viminfo
073.915  000.044: setting raw mode
073.941  000.026: start termcap
073.966  000.025: clearing screen
074.833  000.333  000.333: sourcing /Users/aymen/.vim/pack/git-plugins/start/ale/autoload/ale.vim
074.942  000.643: opening buffers
075.003  000.061: BufEnter autocommands
075.006  000.003: editing files in windows
075.271  000.265: VimEnter autocommands
075.274  000.003: before starting main loop
075.890  000.616: first screen update
075.893  000.003: --- VIM STARTED ---


times in msec
 clock   self+sourced   self:  sourced script
 clock   elapsed:              other lines

000.003  000.003: --- VIM STARTING ---
000.062  000.059: Allocated generic buffers
000.080  000.018: locale set
000.086  000.006: GUI prepared
000.089  000.003: clipboard setup
000.092  000.003: window checked
000.390  000.298: inits 1
000.408  000.018: parsing arguments
000.409  000.001: expanding arguments
000.426  000.017: shell init
000.571  000.145: Termcap init
000.605  000.034: inits 2
000.709  000.104: init highlight
000.959  000.187  000.187: sourcing /usr/share/vim/vim80/debian.vim
001.751  000.669  000.669: sourcing /usr/share/vim/vim80/syntax/syncolor.vim
001.846  000.807  000.138: sourcing /usr/share/vim/vim80/syntax/synload.vim
006.956  005.073  005.073: sourcing /usr/share/vim/vim80/filetype.vim
006.997  006.002  000.122: sourcing /usr/share/vim/vim80/syntax/syntax.vim
007.019  006.289  000.100: sourcing $VIM/vimrc
007.096  000.011  000.011: sourcing /usr/share/vim/vim80/filetype.vim
007.162  000.031  000.031: sourcing /usr/share/vim/vim80/ftplugin.vim
007.224  000.027  000.027: sourcing /usr/share/vim/vim80/indent.vim
007.470  000.189  000.189: sourcing /usr/share/vim/vim80/syntax/nosyntax.vim
007.713  000.152  000.152: sourcing /usr/share/vim/vim80/syntax/syncolor.vim
007.811  000.304  000.152: sourcing /usr/share/vim/vim80/syntax/synload.vim
007.835  000.583  000.090: sourcing /usr/share/vim/vim80/syntax/syntax.vim
008.142  000.175  000.175: sourcing /home/aymen/.vim/config/autocmds.vim
008.346  000.189  000.189: sourcing /home/aymen/.vim/config/mappings.vim
008.404  000.045  000.045: sourcing /home/aymen/.vim/config/statusline.vim
009.192  000.214  000.214: sourcing /home/aymen/.vim/pack/git-plugins/start/jupyter-vim/autoload/jupyter.vim
049.142  040.257  040.043: sourcing /home/aymen/.vim/pack/git-plugins/start/jupyter-vim/plugin/jupyter.vim
049.492  000.018  000.018: sourcing /home/aymen/.vim/pack/git-plugins/start/syntastic/plugin/syntastic/autoloclist.vim
049.522  000.012  000.012: sourcing /home/aymen/.vim/pack/git-plugins/start/syntastic/plugin/syntastic/balloons.vim
049.545  000.009  000.009: sourcing /home/aymen/.vim/pack/git-plugins/start/syntastic/plugin/syntastic/checker.vim
049.567  000.009  000.009: sourcing /home/aymen/.vim/pack/git-plugins/start/syntastic/plugin/syntastic/cursor.vim
049.590  000.009  000.009: sourcing /home/aymen/.vim/pack/git-plugins/start/syntastic/plugin/syntastic/highlighting.vim
049.614  000.011  000.011: sourcing /home/aymen/.vim/pack/git-plugins/start/syntastic/plugin/syntastic/loclist.vim
049.636  000.010  000.010: sourcing /home/aymen/.vim/pack/git-plugins/start/syntastic/plugin/syntastic/modemap.vim
049.658  000.008  000.008: sourcing /home/aymen/.vim/pack/git-plugins/start/syntastic/plugin/syntastic/notifiers.vim
049.679  000.008  000.008: sourcing /home/aymen/.vim/pack/git-plugins/start/syntastic/plugin/syntastic/registry.vim
049.702  000.010  000.010: sourcing /home/aymen/.vim/pack/git-plugins/start/syntastic/plugin/syntastic/signs.vim
050.312  000.433  000.433: sourcing /home/aymen/.vim/pack/git-plugins/start/syntastic/autoload/syntastic/util.vim
054.907  000.053  000.053: sourcing /home/aymen/.vim/pack/git-plugins/start/syntastic/plugin/syntastic/autoloclist.vim
054.970  000.044  000.044: sourcing /home/aymen/.vim/pack/git-plugins/start/syntastic/plugin/syntastic/balloons.vim
055.128  000.145  000.145: sourcing /home/aymen/.vim/pack/git-plugins/start/syntastic/plugin/syntastic/checker.vim
055.216  000.074  000.074: sourcing /home/aymen/.vim/pack/git-plugins/start/syntastic/plugin/syntastic/cursor.vim
055.294  000.063  000.063: sourcing /home/aymen/.vim/pack/git-plugins/start/syntastic/plugin/syntastic/highlighting.vim
055.597  000.281  000.281: sourcing /home/aymen/.vim/pack/git-plugins/start/syntastic/plugin/syntastic/loclist.vim
055.686  000.069  000.069: sourcing /home/aymen/.vim/pack/git-plugins/start/syntastic/plugin/syntastic/modemap.vim
055.757  000.055  000.055: sourcing /home/aymen/.vim/pack/git-plugins/start/syntastic/plugin/syntastic/notifiers.vim
056.255  000.305  000.305: sourcing /home/aymen/.vim/pack/git-plugins/start/syntastic/plugin/syntastic/registry.vim
056.378  000.105  000.105: sourcing /home/aymen/.vim/pack/git-plugins/start/syntastic/plugin/syntastic/signs.vim
057.225  007.510  005.883: sourcing /home/aymen/.vim/pack/git-plugins/start/syntastic/plugin/syntastic.vim
057.333  000.023  000.023: sourcing /home/aymen/.vim/pack/git-plugins/start/vim-orgmode/ftdetect/org.vim
057.569  000.180  000.180: sourcing /home/aymen/.vim/pack/plugins/start/commentary/plugin/commentary.vim
059.149  001.511  001.511: sourcing /home/aymen/.vim/pack/plugins/start/fugitive/plugin/fugitive.vim
059.219  000.014  000.014: sourcing /home/aymen/.vim/pack/plugins/start/fugitive/ftdetect/fugitive.vim
059.977  000.644  000.644: sourcing /home/aymen/.vim/pack/plugins/start/speeddating/plugin/speeddating.vim
060.553  000.497  000.497: sourcing /home/aymen/.vim/pack/plugins/start/surround/plugin/surround.vim
065.968  005.324  005.324: sourcing /home/aymen/.vim/pack/plugins/start/vim-line-motion/plugin/vim-line-motion.vim
066.554  000.433  000.433: sourcing /home/aymen/.vim/pack/plugins/start/vim-tmux-navigator/plugin/tmux_navigator.vim
073.619  066.567  009.009: sourcing $HOME/.vimrc
073.625  000.060: sourcing vimrc file(s)
073.856  000.035  000.035: sourcing /home/aymen/.vim/plugin/copy-filename.vim
073.895  000.024  000.024: sourcing /home/aymen/.vim/plugin/copy-filepath.vim
073.938  000.029  000.029: sourcing /home/aymen/.vim/plugin/delete-empty-buffer.vim
073.983  000.032  000.032: sourcing /home/aymen/.vim/plugin/fix-spelling.vim
074.427  000.189  000.189: sourcing /usr/share/vim/vim80/syntax/syncolor.vim
074.446  000.449  000.260: sourcing /home/aymen/.vim/plugin/global-highlighting.vim
074.475  000.014  000.014: sourcing /home/aymen/.vim/plugin/help.vim
074.519  000.032  000.032: sourcing /home/aymen/.vim/plugin/hide-ui.vim
074.557  000.024  000.024: sourcing /home/aymen/.vim/plugin/highlight-groups.vim
074.609  000.039  000.039: sourcing /home/aymen/.vim/plugin/indent-jump.vim
074.657  000.036  000.036: sourcing /home/aymen/.vim/plugin/move-splits.vim
075.001  000.332  000.332: sourcing /home/aymen/.vim/plugin/vim-cool.vim
075.058  000.040  000.040: sourcing /home/aymen/.vim/plugin/visual-search.vim
075.126  000.012  000.012: sourcing /home/aymen/.vim/pack/plugins/start/vim-tmux-navigator/plugin/tmux_navigator.vim
075.186  000.012  000.012: sourcing /home/aymen/.vim/pack/plugins/start/vim-line-motion/plugin/vim-line-motion.vim
075.241  000.010  000.010: sourcing /home/aymen/.vim/pack/plugins/start/surround/plugin/surround.vim
075.295  000.011  000.011: sourcing /home/aymen/.vim/pack/plugins/start/speeddating/plugin/speeddating.vim
075.366  000.009  000.009: sourcing /home/aymen/.vim/pack/plugins/start/fugitive/plugin/fugitive.vim
075.419  000.009  000.009: sourcing /home/aymen/.vim/pack/plugins/start/commentary/plugin/commentary.vim
075.654  000.011  000.011: sourcing /home/aymen/.vim/pack/git-plugins/start/syntastic/plugin/syntastic/autoloclist.vim
075.676  000.008  000.008: sourcing /home/aymen/.vim/pack/git-plugins/start/syntastic/plugin/syntastic/balloons.vim
075.697  000.008  000.008: sourcing /home/aymen/.vim/pack/git-plugins/start/syntastic/plugin/syntastic/checker.vim
075.717  000.007  000.007: sourcing /home/aymen/.vim/pack/git-plugins/start/syntastic/plugin/syntastic/cursor.vim
075.738  000.008  000.008: sourcing /home/aymen/.vim/pack/git-plugins/start/syntastic/plugin/syntastic/highlighting.vim
075.758  000.007  000.007: sourcing /home/aymen/.vim/pack/git-plugins/start/syntastic/plugin/syntastic/loclist.vim
075.779  000.008  000.008: sourcing /home/aymen/.vim/pack/git-plugins/start/syntastic/plugin/syntastic/modemap.vim
075.800  000.008  000.008: sourcing /home/aymen/.vim/pack/git-plugins/start/syntastic/plugin/syntastic/notifiers.vim
075.820  000.007  000.007: sourcing /home/aymen/.vim/pack/git-plugins/start/syntastic/plugin/syntastic/registry.vim
075.841  000.008  000.008: sourcing /home/aymen/.vim/pack/git-plugins/start/syntastic/plugin/syntastic/signs.vim
075.863  000.009  000.009: sourcing /home/aymen/.vim/pack/git-plugins/start/syntastic/plugin/syntastic.vim
075.938  000.014  000.014: sourcing /home/aymen/.vim/pack/git-plugins/start/jupyter-vim/plugin/jupyter.vim
076.213  000.081  000.081: sourcing /usr/share/vim/vim80/plugin/getscriptPlugin.vim
076.499  000.271  000.271: sourcing /usr/share/vim/vim80/plugin/gzip.vim
076.729  000.214  000.214: sourcing /usr/share/vim/vim80/plugin/logiPat.vim
076.757  000.011  000.011: sourcing /usr/share/vim/vim80/plugin/manpager.vim
076.935  000.165  000.165: sourcing /usr/share/vim/vim80/plugin/matchparen.vim
077.646  000.695  000.695: sourcing /usr/share/vim/vim80/plugin/netrwPlugin.vim
077.711  000.035  000.035: sourcing /usr/share/vim/vim80/plugin/rrhelper.vim
077.770  000.032  000.032: sourcing /usr/share/vim/vim80/plugin/spellfile.vim
077.988  000.200  000.200: sourcing /usr/share/vim/vim80/plugin/tarPlugin.vim
078.088  000.075  000.075: sourcing /usr/share/vim/vim80/plugin/tohtml.vim
078.346  000.236  000.236: sourcing /usr/share/vim/vim80/plugin/vimballPlugin.vim
078.585  000.209  000.209: sourcing /usr/share/vim/vim80/plugin/zipPlugin.vim
078.589  001.488: loading plugins
078.590  000.001: loading packages
078.622  000.032: loading after plugins
079.313  000.691: inits 3
080.678  001.365: reading viminfo
082.157  001.479: setup clipboard
082.176  000.019: setting raw mode
082.182  000.006: start termcap
082.202  000.020: clearing screen
083.224  000.198  000.198: sourcing /home/aymen/.vim/pack/git-plugins/start/syntastic/autoload/syntastic/log.vim
083.268  000.868: opening buffers
083.493  000.225: BufEnter autocommands
083.495  000.002: editing files in windows
083.690  000.195: VimEnter autocommands
083.693  000.003: before starting main loop
083.825  000.132: first screen update
083.827  000.002: --- VIM STARTED ---
