

times in msec
 clock   self+sourced   self:  sourced script
 clock   elapsed:              other lines

000.010  000.010: --- VIM STARTING ---
000.143  000.133: Allocated generic buffers
000.713  000.570: locale set
000.717  000.004: clipboard setup
000.725  000.008: window checked
001.571  000.846: inits 1
001.589  000.018: parsing arguments
001.590  000.001: expanding arguments
005.849  004.259: shell init
006.883  001.034: Termcap init
006.927  000.044: inits 2
007.216  000.289: init highlight
009.813  001.042  001.042: sourcing /usr/local/share/vim/vim82/syntax/syncolor.vim
010.252  001.715  000.673: sourcing /usr/local/share/vim/vim82/syntax/synload.vim
018.492  008.069  008.069: sourcing /usr/local/share/vim/vim82/filetype.vim
019.632  000.673  000.673: sourcing /usr/local/share/vim/vim82/scripts.vim
019.721  011.496  001.039: sourcing /usr/local/share/vim/vim82/syntax/syntax.vim
019.876  000.018  000.018: sourcing /usr/local/share/vim/vim82/filetype.vim
020.059  000.050  000.050: sourcing /usr/local/share/vim/vim82/ftplugin.vim
020.235  000.047  000.047: sourcing /usr/local/share/vim/vim82/indent.vim
021.677  000.196  000.196: sourcing /usr/local/share/vim/vim82/syntax/syncolor.vim
022.192  000.192  000.192: sourcing /usr/local/share/vim/vim82/syntax/syncolor.vim
022.614  000.194  000.194: sourcing /usr/local/share/vim/vim82/syntax/syncolor.vim
023.196  002.096  001.514: sourcing /Users/Aymen/.vim/colors/zenburn.vim
023.326  000.035  000.035: sourcing /Users/Aymen/.vim/autoload/highlightgroups.vim
024.089  000.193  000.193: sourcing /usr/local/share/vim/vim82/syntax/syncolor.vim
024.502  000.190  000.190: sourcing /usr/local/share/vim/vim82/syntax/syncolor.vim
025.194  001.753  001.370: sourcing /Users/Aymen/.vim/colors/zenburn.vim
026.533  000.328  000.328: sourcing /usr/local/share/vim/vim82/pack/dist/opt/matchit/plugin/matchit.vim
026.603  001.105  000.777: sourcing /usr/local/share/vim/vim82/macros/matchit.vim
028.255  000.245  000.245: sourcing /Users/Aymen/.vim/pack/plugins/start/commentary/plugin/commentary.vim
030.582  002.055  002.055: sourcing /Users/Aymen/.vim/pack/plugins/start/fugitive/plugin/fugitive.vim
030.749  000.020  000.020: sourcing /Users/Aymen/.vim/pack/plugins/start/fugitive/ftdetect/fugitive.vim
031.195  000.242  000.242: sourcing /Users/Aymen/.vim/pack/plugins/start/markdown-preview.vim/plugin/mkdp.vim
031.638  000.201  000.201: sourcing /Users/Aymen/.vim/pack/plugins/start/mathjax-support-for-mkdp/plugin/mathjax.vim
031.975  000.106  000.106: sourcing /Users/Aymen/.vim/pack/plugins/start/scratch.vim/plugin/scratch.vim
032.836  000.627  000.627: sourcing /Users/Aymen/.vim/pack/plugins/start/surround/plugin/surround.vim
033.422  000.099  000.099: sourcing /Users/Aymen/.vim/pack/plugins/start/ultisnips/autoload/UltiSnips/map_keys.vim
033.535  000.464  000.365: sourcing /Users/Aymen/.vim/pack/plugins/start/ultisnips/plugin/UltiSnips.vim
033.699  000.025  000.025: sourcing /Users/Aymen/.vim/pack/plugins/start/ultisnips/ftdetect/snippets.vim
039.519  005.615  005.615: sourcing /Users/Aymen/.vim/pack/plugins/start/vim-line-motion/plugin/vim-line-motion.vim
058.050  050.105  023.905: sourcing $HOME/.vimrc
058.063  000.742: sourcing vimrc file(s)
058.956  000.523  000.523: sourcing /Users/Aymen/.vim/plugin/cool.vim
059.358  000.030  000.030: sourcing /Users/Aymen/.vim/pack/plugins/start/vim-line-motion/plugin/vim-line-motion.vim
059.750  000.044  000.044: sourcing /Users/Aymen/.vim/pack/plugins/start/ultisnips/plugin/UltiSnips.vim
059.978  000.023  000.023: sourcing /Users/Aymen/.vim/pack/plugins/start/surround/plugin/surround.vim
060.254  000.027  000.027: sourcing /Users/Aymen/.vim/pack/plugins/start/scratch.vim/plugin/scratch.vim
060.488  000.026  000.026: sourcing /Users/Aymen/.vim/pack/plugins/start/mathjax-support-for-mkdp/plugin/mathjax.vim
060.856  000.057  000.057: sourcing /Users/Aymen/.vim/pack/plugins/start/markdown-preview.vim/plugin/mkdp.vim
061.080  000.021  000.021: sourcing /Users/Aymen/.vim/pack/plugins/start/fugitive/plugin/fugitive.vim
061.285  000.021  000.021: sourcing /Users/Aymen/.vim/pack/plugins/start/commentary/plugin/commentary.vim
062.311  000.099  000.099: sourcing /usr/local/share/vim/vim82/plugin/getscriptPlugin.vim
062.818  000.420  000.420: sourcing /usr/local/share/vim/vim82/plugin/gzip.vim
063.206  000.300  000.300: sourcing /usr/local/share/vim/vim82/plugin/logiPat.vim
063.332  000.040  000.040: sourcing /usr/local/share/vim/vim82/plugin/manpager.vim
063.650  000.241  000.241: sourcing /usr/local/share/vim/vim82/plugin/matchparen.vim
064.578  000.844  000.844: sourcing /usr/local/share/vim/vim82/plugin/netrwPlugin.vim
064.700  000.019  000.019: sourcing /usr/local/share/vim/vim82/plugin/rrhelper.vim
064.824  000.036  000.036: sourcing /usr/local/share/vim/vim82/plugin/spellfile.vim
065.169  000.260  000.260: sourcing /usr/local/share/vim/vim82/plugin/tarPlugin.vim
065.397  000.136  000.136: sourcing /usr/local/share/vim/vim82/plugin/tohtml.vim
065.737  000.251  000.251: sourcing /usr/local/share/vim/vim82/plugin/vimballPlugin.vim
066.145  000.298  000.298: sourcing /usr/local/share/vim/vim82/plugin/zipPlugin.vim
066.426  000.038  000.038: sourcing /usr/local/share/vim/vim82/pack/dist/opt/matchit/plugin/matchit.vim
066.461  004.644: loading plugins
066.462  000.001: loading packages
066.833  000.178  000.178: sourcing /Users/Aymen/.vim/pack/plugins/start/ultisnips/after/plugin/UltiSnips_after.vim
066.901  000.261: loading after plugins
066.908  000.007: inits 3
067.761  000.853: reading viminfo
067.826  000.065: setting raw mode
067.839  000.013: start termcap
067.858  000.019: clearing screen
068.067  000.209: opening buffers
068.138  000.071: BufEnter autocommands
068.150  000.012: editing files in windows
068.568  000.418: VimEnter autocommands
068.574  000.006: before starting main loop
070.223  000.073  000.073: sourcing /Users/Aymen/.vim/autoload/statusline.vim
070.748  000.032  000.032: sourcing /Users/Aymen/.vim/autoload/filesize.vim
071.049  002.370: first screen update
071.051  000.002: --- VIM STARTED ---


times in msec
 clock   self+sourced   self:  sourced script
 clock   elapsed:              other lines

000.019  000.019: --- VIM STARTING ---
000.239  000.220: Allocated generic buffers
001.023  000.784: locale set
001.028  000.005: clipboard setup
001.036  000.008: window checked
001.837  000.801: inits 1
001.849  000.012: parsing arguments
001.851  000.002: expanding arguments
005.083  003.232: shell init
005.503  000.420: Termcap init
005.519  000.016: inits 2
005.691  000.172: init highlight
007.943  001.385  001.385: sourcing /usr/local/share/vim/vim82/syntax/syncolor.vim
008.301  001.905  000.520: sourcing /usr/local/share/vim/vim82/syntax/synload.vim
019.447  010.786  010.786: sourcing /usr/local/share/vim/vim82/filetype.vim
020.692  000.697  000.697: sourcing /usr/local/share/vim/vim82/scripts.vim
020.779  014.582  001.194: sourcing /usr/local/share/vim/vim82/syntax/syntax.vim
020.938  000.019  000.019: sourcing /usr/local/share/vim/vim82/filetype.vim
021.125  000.052  000.052: sourcing /usr/local/share/vim/vim82/ftplugin.vim
021.305  000.048  000.048: sourcing /usr/local/share/vim/vim82/indent.vim
022.588  000.200  000.200: sourcing /usr/local/share/vim/vim82/syntax/syncolor.vim
023.108  000.199  000.199: sourcing /usr/local/share/vim/vim82/syntax/syncolor.vim
023.616  000.259  000.259: sourcing /usr/local/share/vim/vim82/syntax/syncolor.vim
024.310  002.295  001.637: sourcing /Users/Aymen/.vim/colors/zenburn.vim
024.470  000.038  000.038: sourcing /Users/Aymen/.vim/autoload/highlightgroups.vim
026.061  000.323  000.323: sourcing /usr/local/share/vim/vim82/syntax/syncolor.vim
026.877  000.347  000.347: sourcing /usr/local/share/vim/vim82/syntax/syncolor.vim
027.656  003.050  002.380: sourcing /Users/Aymen/.vim/colors/zenburn.vim
029.073  000.333  000.333: sourcing /usr/local/share/vim/vim82/pack/dist/opt/matchit/plugin/matchit.vim
029.150  001.129  000.796: sourcing /usr/local/share/vim/vim82/macros/matchit.vim
030.750  000.256  000.256: sourcing /Users/Aymen/.vim/pack/plugins/start/commentary/plugin/commentary.vim
033.401  002.395  002.395: sourcing /Users/Aymen/.vim/pack/plugins/start/fugitive/plugin/fugitive.vim
033.600  000.018  000.018: sourcing /Users/Aymen/.vim/pack/plugins/start/fugitive/ftdetect/fugitive.vim
034.062  000.254  000.254: sourcing /Users/Aymen/.vim/pack/plugins/start/markdown-preview.vim/plugin/mkdp.vim
034.512  000.205  000.205: sourcing /Users/Aymen/.vim/pack/plugins/start/mathjax-support-for-mkdp/plugin/mathjax.vim
034.849  000.112  000.112: sourcing /Users/Aymen/.vim/pack/plugins/start/scratch.vim/plugin/scratch.vim
035.715  000.633  000.633: sourcing /Users/Aymen/.vim/pack/plugins/start/surround/plugin/surround.vim
036.388  000.106  000.106: sourcing /Users/Aymen/.vim/pack/plugins/start/ultisnips/autoload/UltiSnips/map_keys.vim
036.500  000.543  000.437: sourcing /Users/Aymen/.vim/pack/plugins/start/ultisnips/plugin/UltiSnips.vim
036.670  000.025  000.025: sourcing /Users/Aymen/.vim/pack/plugins/start/ultisnips/ftdetect/snippets.vim
043.328  006.452  006.452: sourcing /Users/Aymen/.vim/pack/plugins/start/vim-line-motion/plugin/vim-line-motion.vim
074.731  068.683  036.577: sourcing $HOME/.vimrc
074.744  000.370: sourcing vimrc file(s)
075.365  000.459  000.459: sourcing /Users/Aymen/.vim/plugin/cool.vim
075.578  000.023  000.023: sourcing /Users/Aymen/.vim/pack/plugins/start/vim-line-motion/plugin/vim-line-motion.vim
075.760  000.015  000.015: sourcing /Users/Aymen/.vim/pack/plugins/start/ultisnips/plugin/UltiSnips.vim
075.939  000.018  000.018: sourcing /Users/Aymen/.vim/pack/plugins/start/surround/plugin/surround.vim
076.118  000.018  000.018: sourcing /Users/Aymen/.vim/pack/plugins/start/scratch.vim/plugin/scratch.vim
076.303  000.018  000.018: sourcing /Users/Aymen/.vim/pack/plugins/start/mathjax-support-for-mkdp/plugin/mathjax.vim
076.484  000.020  000.020: sourcing /Users/Aymen/.vim/pack/plugins/start/markdown-preview.vim/plugin/mkdp.vim
076.660  000.017  000.017: sourcing /Users/Aymen/.vim/pack/plugins/start/fugitive/plugin/fugitive.vim
076.836  000.016  000.016: sourcing /Users/Aymen/.vim/pack/plugins/start/commentary/plugin/commentary.vim
077.766  000.083  000.083: sourcing /usr/local/share/vim/vim82/plugin/getscriptPlugin.vim
078.360  000.408  000.408: sourcing /usr/local/share/vim/vim82/plugin/gzip.vim
078.798  000.331  000.331: sourcing /usr/local/share/vim/vim82/plugin/logiPat.vim
078.948  000.053  000.053: sourcing /usr/local/share/vim/vim82/plugin/manpager.vim
079.271  000.244  000.244: sourcing /usr/local/share/vim/vim82/plugin/matchparen.vim
080.020  000.661  000.661: sourcing /usr/local/share/vim/vim82/plugin/netrwPlugin.vim
080.147  000.019  000.019: sourcing /usr/local/share/vim/vim82/plugin/rrhelper.vim
080.285  000.039  000.039: sourcing /usr/local/share/vim/vim82/plugin/spellfile.vim
080.568  000.196  000.196: sourcing /usr/local/share/vim/vim82/plugin/tarPlugin.vim
080.796  000.135  000.135: sourcing /usr/local/share/vim/vim82/plugin/tohtml.vim
081.108  000.222  000.222: sourcing /usr/local/share/vim/vim82/plugin/vimballPlugin.vim
081.460  000.246  000.246: sourcing /usr/local/share/vim/vim82/plugin/zipPlugin.vim
081.745  000.035  000.035: sourcing /usr/local/share/vim/vim82/pack/dist/opt/matchit/plugin/matchit.vim
081.781  003.761: loading plugins
081.782  000.001: loading packages
082.139  000.169  000.169: sourcing /Users/Aymen/.vim/pack/plugins/start/ultisnips/after/plugin/UltiSnips_after.vim
082.200  000.249: loading after plugins
082.206  000.006: inits 3
083.028  000.822: reading viminfo
083.081  000.053: setting raw mode
083.092  000.011: start termcap
083.113  000.021: clearing screen
083.223  000.110: opening buffers
083.274  000.051: BufEnter autocommands
083.280  000.006: editing files in windows
083.703  000.423: VimEnter autocommands
083.718  000.015: before starting main loop
085.379  000.075  000.075: sourcing /Users/Aymen/.vim/autoload/statusline.vim
085.911  000.030  000.030: sourcing /Users/Aymen/.vim/autoload/filesize.vim
086.177  002.354: first screen update
086.179  000.002: --- VIM STARTED ---


times in msec
 clock   self+sourced   self:  sourced script
 clock   elapsed:              other lines

000.010  000.010: --- VIM STARTING ---
000.139  000.129: Allocated generic buffers
000.698  000.559: locale set
000.701  000.003: clipboard setup
000.709  000.008: window checked
001.491  000.782: inits 1
001.501  000.010: parsing arguments
001.502  000.001: expanding arguments
005.253  003.751: shell init
005.902  000.649: Termcap init
005.932  000.030: inits 2
006.211  000.279: init highlight
008.136  000.913  000.913: sourcing /usr/local/share/vim/vim82/syntax/syncolor.vim
008.318  001.276  000.363: sourcing /usr/local/share/vim/vim82/syntax/synload.vim
016.954  008.491  008.491: sourcing /usr/local/share/vim/vim82/filetype.vim
018.133  000.675  000.675: sourcing /usr/local/share/vim/vim82/scripts.vim
018.220  011.391  000.949: sourcing /usr/local/share/vim/vim82/syntax/syntax.vim
018.375  000.019  000.019: sourcing /usr/local/share/vim/vim82/filetype.vim
018.557  000.051  000.051: sourcing /usr/local/share/vim/vim82/ftplugin.vim
018.731  000.044  000.044: sourcing /usr/local/share/vim/vim82/indent.vim
020.013  000.193  000.193: sourcing /usr/local/share/vim/vim82/syntax/syncolor.vim
020.525  000.193  000.193: sourcing /usr/local/share/vim/vim82/syntax/syncolor.vim
020.956  000.193  000.193: sourcing /usr/local/share/vim/vim82/syntax/syncolor.vim
021.541  002.094  001.515: sourcing /Users/Aymen/.vim/colors/zenburn.vim
021.666  000.031  000.031: sourcing /Users/Aymen/.vim/autoload/highlightgroups.vim
022.577  000.236  000.236: sourcing /usr/local/share/vim/vim82/syntax/syncolor.vim
023.066  000.225  000.225: sourcing /usr/local/share/vim/vim82/syntax/syncolor.vim
023.780  001.970  001.509: sourcing /Users/Aymen/.vim/colors/zenburn.vim
026.486  000.620  000.620: sourcing /usr/local/share/vim/vim82/pack/dist/opt/matchit/plugin/matchit.vim
026.674  002.519  001.899: sourcing /usr/local/share/vim/vim82/macros/matchit.vim
029.678  000.418  000.418: sourcing /Users/Aymen/.vim/pack/plugins/start/commentary/plugin/commentary.vim
032.116  002.065  002.065: sourcing /Users/Aymen/.vim/pack/plugins/start/fugitive/plugin/fugitive.vim
032.287  000.016  000.016: sourcing /Users/Aymen/.vim/pack/plugins/start/fugitive/ftdetect/fugitive.vim
032.743  000.251  000.251: sourcing /Users/Aymen/.vim/pack/plugins/start/markdown-preview.vim/plugin/mkdp.vim
033.196  000.206  000.206: sourcing /Users/Aymen/.vim/pack/plugins/start/mathjax-support-for-mkdp/plugin/mathjax.vim
033.539  000.114  000.114: sourcing /Users/Aymen/.vim/pack/plugins/start/scratch.vim/plugin/scratch.vim
034.409  000.637  000.637: sourcing /Users/Aymen/.vim/pack/plugins/start/surround/plugin/surround.vim
035.089  000.099  000.099: sourcing /Users/Aymen/.vim/pack/plugins/start/ultisnips/autoload/UltiSnips/map_keys.vim
035.202  000.553  000.454: sourcing /Users/Aymen/.vim/pack/plugins/start/ultisnips/plugin/UltiSnips.vim
035.372  000.028  000.028: sourcing /Users/Aymen/.vim/pack/plugins/start/ultisnips/ftdetect/snippets.vim
041.344  005.770  005.770: sourcing /Users/Aymen/.vim/pack/plugins/start/vim-line-motion/plugin/vim-line-motion.vim
070.985  064.324  036.147: sourcing $HOME/.vimrc
070.997  000.462: sourcing vimrc file(s)
071.593  000.436  000.436: sourcing /Users/Aymen/.vim/plugin/cool.vim
071.803  000.023  000.023: sourcing /Users/Aymen/.vim/pack/plugins/start/vim-line-motion/plugin/vim-line-motion.vim
071.985  000.015  000.015: sourcing /Users/Aymen/.vim/pack/plugins/start/ultisnips/plugin/UltiSnips.vim
072.162  000.018  000.018: sourcing /Users/Aymen/.vim/pack/plugins/start/surround/plugin/surround.vim
072.339  000.018  000.018: sourcing /Users/Aymen/.vim/pack/plugins/start/scratch.vim/plugin/scratch.vim
072.523  000.018  000.018: sourcing /Users/Aymen/.vim/pack/plugins/start/mathjax-support-for-mkdp/plugin/mathjax.vim
072.703  000.021  000.021: sourcing /Users/Aymen/.vim/pack/plugins/start/markdown-preview.vim/plugin/mkdp.vim
072.876  000.016  000.016: sourcing /Users/Aymen/.vim/pack/plugins/start/fugitive/plugin/fugitive.vim
073.051  000.016  000.016: sourcing /Users/Aymen/.vim/pack/plugins/start/commentary/plugin/commentary.vim
073.968  000.083  000.083: sourcing /usr/local/share/vim/vim82/plugin/getscriptPlugin.vim
074.345  000.297  000.297: sourcing /usr/local/share/vim/vim82/plugin/gzip.vim
074.722  000.293  000.293: sourcing /usr/local/share/vim/vim82/plugin/logiPat.vim
074.843  000.036  000.036: sourcing /usr/local/share/vim/vim82/plugin/manpager.vim
075.162  000.244  000.244: sourcing /usr/local/share/vim/vim82/plugin/matchparen.vim
075.901  000.655  000.655: sourcing /usr/local/share/vim/vim82/plugin/netrwPlugin.vim
076.023  000.022  000.022: sourcing /usr/local/share/vim/vim82/plugin/rrhelper.vim
076.147  000.035  000.035: sourcing /usr/local/share/vim/vim82/plugin/spellfile.vim
076.424  000.192  000.192: sourcing /usr/local/share/vim/vim82/plugin/tarPlugin.vim
076.650  000.134  000.134: sourcing /usr/local/share/vim/vim82/plugin/tohtml.vim
076.930  000.194  000.194: sourcing /usr/local/share/vim/vim82/plugin/vimballPlugin.vim
077.345  000.315  000.315: sourcing /usr/local/share/vim/vim82/plugin/zipPlugin.vim
077.662  000.037  000.037: sourcing /usr/local/share/vim/vim82/pack/dist/opt/matchit/plugin/matchit.vim
077.698  003.583: loading plugins
077.699  000.001: loading packages
078.062  000.170  000.170: sourcing /Users/Aymen/.vim/pack/plugins/start/ultisnips/after/plugin/UltiSnips_after.vim
078.122  000.253: loading after plugins
078.128  000.006: inits 3
078.945  000.817: reading viminfo
078.997  000.052: setting raw mode
079.007  000.010: start termcap
079.025  000.018: clearing screen
079.132  000.107: opening buffers
079.182  000.050: BufEnter autocommands
079.187  000.005: editing files in windows
079.677  000.490: VimEnter autocommands
079.684  000.007: before starting main loop
081.281  000.076  000.076: sourcing /Users/Aymen/.vim/autoload/statusline.vim
081.935  000.041  000.041: sourcing /Users/Aymen/.vim/autoload/filesize.vim
082.259  002.458: first screen update
082.261  000.002: --- VIM STARTED ---
